2015-02-02 20:59:32.018 base6[49657:39838605] DiskCookieStorage changing policy from 2 to 0, cookie file: file:///Users/steves/Library/Developer/CoreSimulator/Devices/122BF295-983A-4479-9D3B-2E4221D59CE7/data/Containers/Data/Application/F6A36381-0BB3-404E-ACE8-68FA609CB517/Library/Cookies/Cookies.binarycookies
2015-02-02 20:59:32.191 base6[49657:39838605] Apache Cordova native platform version 3.7.0 is starting.
2015-02-02 20:59:32.191 base6[49657:39838605] Multi-tasking -> Device: YES, App: YES
2015-02-02 20:59:32.204 base6[49657:39838605] Unlimited access to network resources
2015-02-02 20:59:32.479 base6[49657:39838605] [CDVTimer][keyboard] 0.054002ms
2015-02-02 20:59:32.479 base6[49657:39838605] [CDVTimer][TotalPluginStartup] 0.200033ms
2015-02-02 20:59:33.399 base6[49657:39838605] Resetting plugins due to page load.
2015-02-02 20:59:33.567 base6[49657:39838605] Finished load of: file:///Users/steves/Library/Developer/CoreSimulator/Devices/122BF295-983A-4479-9D3B-2E4221D59CE7/data/Containers/Bundle/Application/023FD134-A16D-4641-AC58-6F2C1C084FD7/base6.app/www/index.html
2015-02-03 11:28:50.692 base6[51734:41574308] DiskCookieStorage changing policy from 2 to 0, cookie file: file:///Users/steves/Library/Developer/CoreSimulator/Devices/122BF295-983A-4479-9D3B-2E4221D59CE7/data/Containers/Data/Application/7CFE5C0D-C2FB-4971-9071-AC6F6A371529/Library/Cookies/Cookies.binarycookies
2015-02-03 11:28:50.794 base6[51734:41574308] Apache Cordova native platform version 3.7.0 is starting.
2015-02-03 11:28:50.795 base6[51734:41574308] Multi-tasking -> Device: YES, App: YES
2015-02-03 11:28:50.796 base6[51734:41574308] Unlimited access to network resources
2015-02-03 11:28:51.016 base6[51734:41574308] [CDVTimer][keyboard] 0.055015ms
2015-02-03 11:28:51.017 base6[51734:41574308] [CDVTimer][TotalPluginStartup] 0.222981ms
2015-02-03 11:28:51.067 base6[51734:41574308] Resetting plugins due to page load.
2015-02-03 11:28:51.742 base6[51734:41574308] Finished load of: file:///Users/steves/Library/Developer/CoreSimulator/Devices/122BF295-983A-4479-9D3B-2E4221D59CE7/data/Containers/Bundle/Application/CE02C4CF-C285-4254-AF00-2564993397AE/base6.app/www/index.html
2015-02-03 11:28:53.611 base6[51734:41574308] y: 0
2015-02-03 11:28:53.611 base6[51734:41574308] ny: 0
2015-02-03 11:28:56.094 base6[51734:41574308] y: -473.9654575824488
2015-02-03 11:28:56.094 base6[51734:41574308] ny: -473.9654575824488
2015-02-03 11:28:58.101 base6[51734:41574308] y: -308.9654575824488
2015-02-03 11:28:58.101 base6[51734:41574308] ny: -308.9654575824488
2015-02-03 11:28:59.941 base6[51734:41574308] y: -157.96545758244878
2015-02-03 11:28:59.941 base6[51734:41574308] ny: -157.96545758244878
2015-02-03 11:29:01.171 base6[51734:41574308] y: 0
2015-02-03 11:29:01.171 base6[51734:41574308] ny: 0
2015-02-03 11:29:02.409 base6[51734:41574308] y: 0
2015-02-03 11:29:02.409 base6[51734:41574308] ny: 0
2015-02-03 11:29:03.877 base6[51734:41574308] y: -21.10050506338837
2015-02-03 11:29:03.877 base6[51734:41574308] ny: -21.10050506338837
2015-02-03 11:29:05.349 base6[51734:41574308] y: 0
2015-02-03 11:29:05.349 base6[51734:41574308] ny: 0
2015-02-03 11:29:09.431 base6[51734:41574308] y: -24.061162653263807
2015-02-03 11:29:09.431 base6[51734:41574308] ny: -24.061162653263807
2015-02-03 11:29:11.836 base6[51734:41574308] y: -21.061162653263807
2015-02-03 11:29:11.836 base6[51734:41574308] ny: -21.061162653263807
2015-02-03 11:29:11.836 base6[51734:41574308] y: -21.061162653263807
2015-02-03 11:29:11.837 base6[51734:41574308] ny: -21.061162653263807
2015-02-03 11:29:42.828 base6[51853:41583184] DiskCookieStorage changing policy from 2 to 0, cookie file: file:///Users/steves/Library/Developer/CoreSimulator/Devices/122BF295-983A-4479-9D3B-2E4221D59CE7/data/Containers/Data/Application/C36FB3FF-0347-4A78-AB0B-C280CA87DBC3/Library/Cookies/Cookies.binarycookies
2015-02-03 11:29:42.928 base6[51853:41583184] Apache Cordova native platform version 3.7.0 is starting.
2015-02-03 11:29:42.928 base6[51853:41583184] Multi-tasking -> Device: YES, App: YES
2015-02-03 11:29:42.929 base6[51853:41583184] Unlimited access to network resources
2015-02-03 11:29:43.158 base6[51853:41583184] [CDVTimer][keyboard] 0.054002ms
2015-02-03 11:29:43.158 base6[51853:41583184] [CDVTimer][TotalPluginStartup] 0.225008ms
2015-02-03 11:29:43.209 base6[51853:41583184] Resetting plugins due to page load.
2015-02-03 11:29:43.381 base6[51853:41583184] Finished load of: file:///Users/steves/Library/Developer/CoreSimulator/Devices/122BF295-983A-4479-9D3B-2E4221D59CE7/data/Containers/Bundle/Application/A7A0A906-33E8-4F60-A989-FB456ACD108B/base6.app/www/index.html
2015-02-03 11:29:45.887 base6[51853:41583184] y: 0
2015-02-03 11:29:45.887 base6[51853:41583184] ny: 0
2015-02-03 11:29:47.999 base6[51853:41583184] y: -508.958932064677
2015-02-03 11:29:47.999 base6[51853:41583184] ny: -508.958932064677
2015-02-03 11:29:49.425 base6[51853:41583184] y: -184.95893206467701
2015-02-03 11:29:49.425 base6[51853:41583184] ny: -184.95893206467701
2015-02-03 11:29:50.723 base6[51853:41583184] y: 0
2015-02-03 11:29:50.723 base6[51853:41583184] ny: 0
2015-02-03 11:29:52.344 base6[51853:41583184] y: 0
2015-02-03 11:29:52.344 base6[51853:41583184] ny: 0
2015-02-03 11:29:54.433 base6[51853:41583184] y: -23.13606076167855
2015-02-03 11:29:54.433 base6[51853:41583184] ny: -23.13606076167855
2015-02-03 11:29:56.670 base6[51853:41583184] y: 0
2015-02-03 11:29:56.670 base6[51853:41583184] ny: 0
2015-02-03 11:29:59.521 base6[51853:41583184] y: -43.13606076167855
2015-02-03 11:29:59.521 base6[51853:41583184] ny: -43.13606076167855
2015-02-03 11:29:59.521 base6[51853:41583184] y: -171.24669723299553
2015-02-03 11:29:59.522 base6[51853:41583184] ny: -171.24669723299553
2015-02-03 11:30:00.824 base6[51853:41583184] y: -165.07008289722023
2015-02-03 11:30:00.824 base6[51853:41583184] ny: -165.07008289722023
2015-02-03 11:30:03.352 base6[51853:41583184] y: -165.07008289722023
2015-02-03 11:30:03.352 base6[51853:41583184] ny: -165.07008289722023
2015-02-03 11:37:27.794 base6[52005:41633577] DiskCookieStorage changing policy from 2 to 0, cookie file: file:///Users/steves/Library/Developer/CoreSimulator/Devices/122BF295-983A-4479-9D3B-2E4221D59CE7/data/Containers/Data/Application/03BB4C19-5162-4074-99D8-D9B11BDCFAF3/Library/Cookies/Cookies.binarycookies
2015-02-03 11:37:27.881 base6[52005:41633577] Apache Cordova native platform version 3.7.0 is starting.
2015-02-03 11:37:27.882 base6[52005:41633577] Multi-tasking -> Device: YES, App: YES
2015-02-03 11:37:27.883 base6[52005:41633577] Unlimited access to network resources
2015-02-03 11:37:28.091 base6[52005:41633577] [CDVTimer][keyboard] 0.047028ms
2015-02-03 11:37:28.091 base6[52005:41633577] [CDVTimer][TotalPluginStartup] 0.207961ms
2015-02-03 11:37:28.150 base6[52005:41633577] Resetting plugins due to page load.
2015-02-03 11:37:28.274 base6[52005:41633577] Finished load of: file:///Users/steves/Library/Developer/CoreSimulator/Devices/122BF295-983A-4479-9D3B-2E4221D59CE7/data/Containers/Bundle/Application/07B1327F-51B5-4EE8-B54E-1B0945295F05/base6.app/www/index.html
2015-02-03 11:37:29.797 base6[52005:41633577] y: 0
2015-02-03 11:37:29.797 base6[52005:41633577] ny: 0
2015-02-03 11:37:31.644 base6[52005:41633577] y: -667
2015-02-03 11:37:31.644 base6[52005:41633577] ny: -667
2015-02-03 11:37:32.906 base6[52005:41633577] y: -667
2015-02-03 11:37:32.906 base6[52005:41633577] ny: -667
2015-02-03 11:37:35.207 base6[52005:41633577] y: -667
2015-02-03 11:37:35.208 base6[52005:41633577] ny: -667
2015-02-03 11:37:38.941 base6[52005:41633577] y: 0
2015-02-03 11:37:38.941 base6[52005:41633577] ny: 0
2015-02-03 11:59:34.938 base6[52280:41794025] DiskCookieStorage changing policy from 2 to 0, cookie file: file:///Users/steves/Library/Developer/CoreSimulator/Devices/122BF295-983A-4479-9D3B-2E4221D59CE7/data/Containers/Data/Application/D5BB2742-8617-43CF-AB76-E57E6FE99614/Library/Cookies/Cookies.binarycookies
2015-02-03 11:59:35.022 base6[52280:41794025] Apache Cordova native platform version 3.7.0 is starting.
2015-02-03 11:59:35.023 base6[52280:41794025] Multi-tasking -> Device: YES, App: YES
2015-02-03 11:59:35.024 base6[52280:41794025] Unlimited access to network resources
2015-02-03 11:59:35.229 base6[52280:41794025] [CDVTimer][keyboard] 0.050962ms
2015-02-03 11:59:35.229 base6[52280:41794025] [CDVTimer][TotalPluginStartup] 0.217021ms
2015-02-03 11:59:35.340 base6[52280:41794025] Resetting plugins due to page load.
2015-02-03 11:59:35.778 base6[52280:41794025] Finished load of: file:///Users/steves/Library/Developer/CoreSimulator/Devices/122BF295-983A-4479-9D3B-2E4221D59CE7/data/Containers/Bundle/Application/D9C85E74-0495-407C-8790-EDC609F8F695/base6.app/www/index.html
2015-02-03 11:59:39.058 base6[52280:41794025] y: 0
2015-02-03 11:59:39.058 base6[52280:41794025] ny: 0
2015-02-03 11:59:43.001 base6[52280:41794025] y: 0
2015-02-03 11:59:43.001 base6[52280:41794025] ny: 0
2015-02-03 11:59:43.001 base6[52280:41794025] y: 0
2015-02-03 11:59:43.002 base6[52280:41794025] ny: 0
2015-02-03 11:59:44.091 base6[52280:41794025] y: 0
2015-02-03 11:59:44.091 base6[52280:41794025] ny: 0
2015-02-03 11:59:45.299 base6[52280:41794025] y: 0
2015-02-03 11:59:45.299 base6[52280:41794025] ny: 0
2015-02-03 11:59:46.689 base6[52280:41794025] y: 0
2015-02-03 11:59:46.689 base6[52280:41794025] ny: 0
2015-02-03 11:59:47.951 base6[52280:41794025] y: -667
2015-02-03 11:59:47.951 base6[52280:41794025] ny: -667
2015-02-03 11:59:49.876 base6[52280:41794025] y: 0
2015-02-03 11:59:49.876 base6[52280:41794025] ny: 0
2015-02-03 11:59:55.138 base6[52280:41794025] y: 0
2015-02-03 11:59:55.138 base6[52280:41794025] ny: 0
2015-02-03 11:59:56.699 base6[52280:41794025] y: 0
2015-02-03 11:59:56.699 base6[52280:41794025] ny: 0
2015-02-03 11:59:58.161 base6[52280:41794025] y: 0
2015-02-03 11:59:58.161 base6[52280:41794025] ny: 0
2015-02-03 12:00:15.809 base6[52280:41794025] y: 0
2015-02-03 12:00:15.809 base6[52280:41794025] ny: 0
2015-02-03 12:00:17.183 base6[52280:41794025] y: 0
2015-02-03 12:00:17.183 base6[52280:41794025] ny: 0
2015-02-03 12:00:18.846 base6[52280:41794025] y: 0
2015-02-03 12:00:18.846 base6[52280:41794025] ny: 0
2015-02-03 12:00:47.011 base6[52280:41794025] y: 0
2015-02-03 12:00:47.011 base6[52280:41794025] ny: 0
2015-02-03 13:03:59.291 base6[52280:41794025] y: 0
2015-02-03 13:03:59.293 base6[52280:41794025] ny: 0
2015-02-03 13:05:32.335 base6[52280:41794025] y: 0
2015-02-03 13:05:32.335 base6[52280:41794025] ny: 0
2015-02-03 13:05:33.310 base6[52280:41794025] y: 0
2015-02-03 13:05:33.310 base6[52280:41794025] ny: 0
2015-02-03 13:05:34.680 base6[52280:41794025] y: 0
2015-02-03 13:05:34.680 base6[52280:41794025] ny: 0
2015-02-03 13:05:39.315 base6[52280:41794025] y: 0
2015-02-03 13:05:39.315 base6[52280:41794025] ny: 0
2015-02-03 13:05:39.315 base6[52280:41794025] y: 0
2015-02-03 13:05:39.315 base6[52280:41794025] ny: 0
2015-02-03 13:05:40.469 base6[52280:41794025] y: 0
2015-02-03 13:05:40.470 base6[52280:41794025] ny: 0
2015-02-03 13:05:41.277 base6[52280:41794025] y: 0
2015-02-03 13:05:41.277 base6[52280:41794025] ny: 0
2015-02-03 13:05:41.987 base6[52280:41794025] y: 0
2015-02-03 13:05:41.987 base6[52280:41794025] ny: 0
2015-02-03 13:05:46.087 base6[52280:41794025] y: 0
2015-02-03 13:05:46.087 base6[52280:41794025] ny: 0
2015-02-03 13:05:46.655 base6[52280:41794025] y: 0
2015-02-03 13:05:46.655 base6[52280:41794025] ny: 0
2015-02-03 13:05:47.668 base6[52280:41794025] y: 0
2015-02-03 13:05:47.668 base6[52280:41794025] ny: 0
2015-02-03 13:05:50.268 base6[52280:41794025] y: 0
2015-02-03 13:05:50.268 base6[52280:41794025] ny: 0
2015-02-03 13:05:51.778 base6[52280:41794025] y: 0
2015-02-03 13:05:51.778 base6[52280:41794025] ny: 0
2015-02-03 13:05:52.895 base6[52280:41794025] y: 0
2015-02-03 13:05:52.896 base6[52280:41794025] ny: 0
2015-02-03 13:05:54.891 base6[52280:41794025] y: 0
2015-02-03 13:05:54.891 base6[52280:41794025] ny: 0
2015-02-03 13:05:54.891 base6[52280:41794025] y: 0
2015-02-03 13:05:54.891 base6[52280:41794025] ny: 0
2015-02-03 16:50:37.747 base6[52280:41794025] y: 0
2015-02-03 16:50:37.751 base6[52280:41794025] ny: 0
